<?xml version="1.0" encoding="UTF-8"?>
<!-- Generated by org.testng.reporters.JUnitReportReporter -->
<testsuite hostname="DESKTOP-O83SFJ3" failures="0" tests="3" name="webtests.LoginTest" time="58.719" errors="0" timestamp="2022-11-04T22:59:25 BDT" skipped="0">
  <testcase classname="webtests.LoginTest" name="TestHomePageTitle" time="16.146"/>
  <system-out/>
  <testcase classname="webtests.LoginTest" name="TestHomePageUrl" time="15.446"/>
  <system-out/>
  <testcase classname="webtests.LoginTest" name="loginTest" time="27.127"/>
  <system-out/>
</testsuite> <!-- webtests.LoginTest -->
