<?xml version="1.0" encoding="UTF-8"?>
<!-- Generated by org.testng.reporters.JUnitReportReporter -->
<testsuite hostname="DESKTOP-O83SFJ3" failures="0" tests="3" name="webtests.LoginTest" time="96.840" errors="0" timestamp="2022-11-04T23:13:08 BDT" skipped="0">
  <testcase classname="webtests.LoginTest" name="TestHomePageUrl" time="44.091"/>
  <system-out/>
  <testcase classname="webtests.LoginTest" name="TestHomePageTitle" time="20.749"/>
  <system-out/>
  <testcase classname="webtests.LoginTest" name="loginTest" time="32.000"/>
  <system-out/>
</testsuite> <!-- webtests.LoginTest -->
